[1578809811.513][INFO]: Starting ChromeDriver 79.0.3945.36 (3582db32b33893869b8c1339e8f4d9ed1816f143-refs/branch-heads/3945@{#614})
[1578809811.513][INFO]: Please protect ports used by ChromeDriver and related test frameworks to prevent access by malicious code.
[1578809812.518][INFO]: [02f4af2b2bc51288cb073a7b221a0f53] COMMAND InitSession {
   "capabilities": {
      "alwaysMatch": {
         "browserName": "chrome",
         "goog:chromeOptions": {
            "args": [  ],
            "binary": "/opt/google/chrome/chrome",
            "extensions": [  ]
         },
         "platformName": "any"
      },
      "firstMatch": [ {

      } ]
   },
   "desiredCapabilities": {
      "browserName": "chrome",
      "goog:chromeOptions": {
         "args": [  ],
         "binary": "/opt/google/chrome/chrome",
         "extensions": [  ]
      },
      "platform": "ANY",
      "version": ""
   }
}
[1578809812.518][INFO]: Populating Preferences file: {
   "alternate_error_pages": {
      "enabled": false
   },
   "autofill": {
      "enabled": false
   },
   "browser": {
      "check_default_browser": false
   },
   "distribution": {
      "import_bookmarks": false,
      "import_history": false,
      "import_search_engine": false,
      "make_chrome_default_for_user": false,
      "skip_first_run_ui": true
   },
   "dns_prefetching": {
      "enabled": false
   },
   "profile": {
      "content_settings": {
         "pattern_pairs": {
            "https://*,*": {
               "media-stream": {
                  "audio": "Default",
                  "video": "Default"
               }
            }
         }
      },
      "default_content_setting_values": {
         "geolocation": 1
      },
      "default_content_settings": {
         "geolocation": 1,
         "mouselock": 1,
         "notifications": 1,
         "popups": 1,
         "ppapi-broker": 1
      },
      "password_manager_enabled": false
   },
   "safebrowsing": {
      "enabled": false
   },
   "search": {
      "suggest_enabled": false
   },
   "translate": {
      "enabled": false
   }
}
[1578809812.519][INFO]: Populating Local State file: {
   "background_mode": {
      "enabled": false
   },
   "ssl": {
      "rev_checking": {
         "enabled": false
      }
   }
}
[1578809812.520][INFO]: Launching chrome: /opt/google/chrome/chrome --disable-background-networking --disable-client-side-phishing-detection --disable-default-apps --disable-hang-monitor --disable-popup-blocking --disable-prompt-on-repost --disable-sync --enable-automation --enable-blink-features=ShadowDOMV0 --enable-logging --load-extension=/tmp/.com.google.Chrome.yukTYK/internal --log-level=0 --no-first-run --password-store=basic --remote-debugging-port=0 --test-type=webdriver --use-mock-keychain --user-data-dir=/tmp/.com.google.Chrome.XpMTFK data:,
[5175:5175:0112/114652.563147:ERROR:zygote_host_impl_linux.cc(89)] Running as root without --no-sandbox is not supported. See https://crbug.com/638180.
[1578809812.572][INFO]: [02f4af2b2bc51288cb073a7b221a0f53] RESPONSE InitSession ERROR unknown error: Chrome failed to start: exited abnormally
  (unknown error: DevToolsActivePort file doesn't exist)
  (The process started from chrome location /opt/google/chrome/chrome is no longer running, so ChromeDriver is assuming that Chrome has crashed.)
[1578809812.572][DEBUG]: Log type 'driver' lost 0 entries on destruction
[1578809812.572][DEBUG]: Log type 'browser' lost 0 entries on destruction
